<?xml version="1.0" encoding="UTF-8"?>
<testng-results ignored="0" total="2" passed="2" failed="0" skipped="0">
  <reporter-output>
  </reporter-output>
  <suite started-at="2025-04-17T16:24:24 IST" name="Default Suite" finished-at="2025-04-17T16:24:29 IST" duration-ms="5325">
    <groups>
    </groups>
    <test started-at="2025-04-17T16:24:24 IST" name="validateweather" finished-at="2025-04-17T16:24:29 IST" duration-ms="5325">
      <class name="validate">
        <test-method signature="testing()[pri:0, instance:validate@6989da5e]" started-at="2025-04-17T16:24:24 IST" name="testing" finished-at="2025-04-17T16:24:29 IST" duration-ms="4844" status="PASS">
          <reporter-output>
          </reporter-output>
        </test-method> <!-- testing -->
        <test-method signature="testing2()[pri:0, instance:validate@6989da5e]" started-at="2025-04-17T16:24:29 IST" name="testing2" finished-at="2025-04-17T16:24:29 IST" duration-ms="395" status="PASS">
          <reporter-output>
          </reporter-output>
        </test-method> <!-- testing2 -->
      </class> <!-- validate -->
    </test> <!-- validateweather -->
  </suite> <!-- Default Suite -->
</testng-results>
